  console.log
    { overlappingPatches: [ 1 ] }

      at Patch.log (src/models/patch.ts:97:13)

  console.log
    { overlappingPatches: [] }

      at Patch.log (src/models/patch.ts:97:13)

  console.log
    in hook null

      at log (src/app/hooks/useCommandLineRouter.ts:13:11)

  console.log
    action null

      at log (src/app/hooks/useCommandLineRouter.ts:65:13)

  console.log
    in hook null

      at log (src/app/hooks/useCommandLineRouter.ts:13:11)

  console.log
    in hook null

      at log (src/app/hooks/useCommandLineRouter.ts:13:11)
          at Set.forEach (<anonymous>)

  console.error
    The above error occurred in the <App> component:
    
        at App (/Users/davewoolner/Desktop/tweak-app/src/app/main/index.tsx:28:39)
    
    Consider adding an error boundary to your tree to customize error handling behavior.
    Visit https://reactjs.org/link/error-boundaries to learn more about error boundaries.

      15 |   updateCompositeFixturesStore: (
      16 |     compositeFixturesStore: ParsedCompositeFixtureInfo[],
    > 17 |   ) => set(() => ({ compositeFixturesStore })),
         |        ^
      18 | }));
      19 |

      at logCapturedError (node_modules/react-test-renderer/cjs/react-test-renderer.development.js:8661:23)
      at update.callback (node_modules/react-test-renderer/cjs/react-test-renderer.development.js:8694:5)
      at callCallback (node_modules/react-test-renderer/cjs/react-test-renderer.development.js:4092:12)
      at commitUpdateQueue (node_modules/react-test-renderer/cjs/react-test-renderer.development.js:4113:9)
      at commitLayoutEffectOnFiber (node_modules/react-test-renderer/cjs/react-test-renderer.development.js:13232:13)
      at commitLayoutMountEffects_complete (node_modules/react-test-renderer/cjs/react-test-renderer.development.js:14330:9)
      at commitLayoutEffects_begin (node_modules/react-test-renderer/cjs/react-test-renderer.development.js:14316:7)
      at commitLayoutEffects (node_modules/react-test-renderer/cjs/react-test-renderer.development.js:14301:3)
      at commitRootImpl (node_modules/react-test-renderer/cjs/react-test-renderer.development.js:16062:5)
      at commitRoot (node_modules/react-test-renderer/cjs/react-test-renderer.development.js:15933:5)
      at performSyncWorkOnRoot (node_modules/react-test-renderer/cjs/react-test-renderer.development.js:15454:3)
      at flushSyncCallbacks (node_modules/react-test-renderer/cjs/react-test-renderer.development.js:2597:22)
      at flushSyncCallbacksOnlyInLegacyMode (node_modules/react-test-renderer/cjs/react-test-renderer.development.js:2576:5)
      at scheduleUpdateOnFiber (node_modules/react-test-renderer/cjs/react-test-renderer.development.js:14910:7)
      at forceStoreRerender (node_modules/react-test-renderer/cjs/react-test-renderer.development.js:6994:5)
      at handleStoreChange (node_modules/react-test-renderer/cjs/react-test-renderer.development.js:6970:7)
      at node_modules/zustand/vanilla.js:12:16
          at Set.forEach (<anonymous>)
      at setState (node_modules/zustand/vanilla.js:11:17)
      at set (src/app/store/useCompositeFixtureStore.ts:17:8)
      at updateCompositeFixturesStore (src/app/components/LayoutArea/LayoutArea.tsx:46:22)

  console.log
    TypeError: Cannot read properties of undefined (reading 'filter')
        at filter (/Users/davewoolner/Desktop/tweak-app/src/app/main/index.tsx:47:60)
        at renderWithHooks (/Users/davewoolner/Desktop/tweak-app/node_modules/react-test-renderer/cjs/react-test-renderer.development.js:6351:18)
        at updateFunctionComponent (/Users/davewoolner/Desktop/tweak-app/node_modules/react-test-renderer/cjs/react-test-renderer.development.js:9483:20)
        at beginWork (/Users/davewoolner/Desktop/tweak-app/node_modules/react-test-renderer/cjs/react-test-renderer.development.js:11326:16)
        at performUnitOfWork (/Users/davewoolner/Desktop/tweak-app/node_modules/react-test-renderer/cjs/react-test-renderer.development.js:15808:12)
        at workLoopSync (/Users/davewoolner/Desktop/tweak-app/node_modules/react-test-renderer/cjs/react-test-renderer.development.js:15745:5)
        at renderRootSync (/Users/davewoolner/Desktop/tweak-app/node_modules/react-test-renderer/cjs/react-test-renderer.development.js:15717:7)
        at performSyncWorkOnRoot (/Users/davewoolner/Desktop/tweak-app/node_modules/react-test-renderer/cjs/react-test-renderer.development.js:15422:20)
        at flushSyncCallbacks (/Users/davewoolner/Desktop/tweak-app/node_modules/react-test-renderer/cjs/react-test-renderer.development.js:2597:22)
        at flushSyncCallbacksOnlyInLegacyMode (/Users/davewoolner/Desktop/tweak-app/node_modules/react-test-renderer/cjs/react-test-renderer.development.js:2576:5)
        at scheduleUpdateOnFiber (/Users/davewoolner/Desktop/tweak-app/node_modules/react-test-renderer/cjs/react-test-renderer.development.js:14910:7)
        at forceStoreRerender (/Users/davewoolner/Desktop/tweak-app/node_modules/react-test-renderer/cjs/react-test-renderer.development.js:6994:5)
        at handleStoreChange (/Users/davewoolner/Desktop/tweak-app/node_modules/react-test-renderer/cjs/react-test-renderer.development.js:6970:7)
        at /Users/davewoolner/Desktop/tweak-app/node_modules/zustand/vanilla.js:12:16
        at Set.forEach (<anonymous>)
        at setState (/Users/davewoolner/Desktop/tweak-app/node_modules/zustand/vanilla.js:11:17)
        at set (/Users/davewoolner/Desktop/tweak-app/src/app/store/useCompositeFixtureStore.ts:17:8)
        at updateCompositeFixturesStore (/Users/davewoolner/Desktop/tweak-app/src/app/components/LayoutArea/LayoutArea.tsx:46:22)

      at log (src/app/components/LayoutArea/LayoutArea.tsx:47:31)

